[INFO] 21:58:03:25 TP0_log/(133005:133005): asdasdasdasdasdas asdas asda 
[INFO] 21:59:47:578 TP0_log/(133234:133234): asdasdasdasdas 
[INFO] 22:01:32:977 TP0_log/(133393:133393): asdasdasdas
[INFO] 22:01:34:57 TP0_log/(133393:133393): asdsad
[INFO] 22:01:34:970 TP0_log/(133393:133393): asdasd
[INFO] 22:01:35:569 TP0_log/(133393:133393): aa
[INFO] 22:01:36:19 TP0_log/(133393:133393): a
[INFO] 22:01:37:273 TP0_log/(133393:133393): sdsdw
[INFO] 22:01:37:809 TP0_log/(133393:133393): 
[INFO] 22:01:38:967 TP0_log/(133393:133393): 
[INFO] 22:01:39:583 TP0_log/(133393:133393): 
[INFO] 22:01:39:762 TP0_log/(133393:133393): 
[INFO] 22:01:39:921 TP0_log/(133393:133393): 
[INFO] 22:01:40:240 TP0_log/(133393:133393): 
[INFO] 22:01:40:389 TP0_log/(133393:133393): 
[INFO] 22:01:40:529 TP0_log/(133393:133393): 
[INFO] 22:01:40:673 TP0_log/(133393:133393): 
[INFO] 22:01:40:821 TP0_log/(133393:133393): 
[INFO] 22:01:40:973 TP0_log/(133393:133393): 
[INFO] 22:01:41:113 TP0_log/(133393:133393): 
[INFO] 22:01:41:253 TP0_log/(133393:133393): 
[INFO] 22:01:41:380 TP0_log/(133393:133393): 
[INFO] 22:01:41:519 TP0_log/(133393:133393): 
[INFO] 22:01:41:646 TP0_log/(133393:133393): 
[INFO] 22:01:41:770 TP0_log/(133393:133393): 
[INFO] 22:01:41:894 TP0_log/(133393:133393): 
[INFO] 22:02:27:551 TP0_log/(133472:133472): asdasdasd
[INFO] 22:02:28:396 TP0_log/(133472:133472): asdasd
[INFO] 22:02:29:110 TP0_log/(133472:133472): aaa
[INFO] 22:02:29:704 TP0_log/(133472:133472): 
[INFO] 22:02:30:379 TP0_log/(133472:133472): 
[INFO] 22:02:30:538 TP0_log/(133472:133472): 
[INFO] 22:02:30:680 TP0_log/(133472:133472): 
[INFO] 22:02:30:818 TP0_log/(133472:133472): 
[INFO] 22:02:30:964 TP0_log/(133472:133472): 
[INFO] 22:02:31:86 TP0_log/(133472:133472): 
[INFO] 22:02:31:217 TP0_log/(133472:133472): 
[INFO] 22:02:31:361 TP0_log/(133472:133472): 
[INFO] 22:02:31:494 TP0_log/(133472:133472): 
[INFO] 22:02:31:630 TP0_log/(133472:133472): 
[INFO] 22:02:31:769 TP0_log/(133472:133472): 
[INFO] 22:02:31:891 TP0_log/(133472:133472): 
[INFO] 22:02:32:23 TP0_log/(133472:133472): 
[INFO] 22:03:23:670 TP0_log/(133535:133535): asdasd
[INFO] 22:03:24:660 TP0_log/(133535:133535): asdasd
[INFO] 22:03:25:595 TP0_log/(133535:133535): asdas
[INFO] 22:03:26:841 TP0_log/(133535:133535): 
[INFO] 22:03:27:992 TP0_log/(133535:133535): 
[INFO] 22:03:28:767 TP0_log/(133535:133535): 
[INFO] 22:03:29:420 TP0_log/(133535:133535): 
[INFO] 22:03:30:31 TP0_log/(133535:133535): 
[INFO] 22:03:30:552 TP0_log/(133535:133535): 
[INFO] 22:03:30:860 TP0_log/(133535:133535): 
[INFO] 22:03:31:49 TP0_log/(133535:133535): 
[INFO] 22:03:31:241 TP0_log/(133535:133535): 
[INFO] 22:03:31:428 TP0_log/(133535:133535): 
[INFO] 22:03:31:608 TP0_log/(133535:133535): 
[INFO] 22:03:31:779 TP0_log/(133535:133535): 
[INFO] 22:03:31:962 TP0_log/(133535:133535): 
[INFO] 22:03:32:105 TP0_log/(133535:133535): 
[INFO] 22:03:32:314 TP0_log/(133535:133535): 
[INFO] 22:03:32:483 TP0_log/(133535:133535): 
[INFO] 22:03:32:676 TP0_log/(133535:133535): 
[INFO] 22:03:33:230 TP0_log/(133535:133535): 
[INFO] 22:04:34:605 TP0_log/(133721:133721): asdasda
[INFO] 22:04:35:306 TP0_log/(133721:133721): asdasd
[INFO] 22:04:35:863 TP0_log/(133721:133721): asdasd
[INFO] 22:04:36:101 TP0_log/(133721:133721): sad
[INFO] 22:04:36:269 TP0_log/(133721:133721): sa
[INFO] 22:04:36:421 TP0_log/(133721:133721): d
[INFO] 22:04:36:550 TP0_log/(133721:133721): as
[INFO] 22:04:36:694 TP0_log/(133721:133721): d
[INFO] 22:04:36:834 TP0_log/(133721:133721): as
[INFO] 22:04:36:981 TP0_log/(133721:133721): dsa
[INFO] 22:04:37:350 TP0_log/(133721:133721): 
[INFO] 22:04:37:966 TP0_log/(133721:133721): s
[INFO] 22:04:38:278 TP0_log/(133721:133721): 
[INFO] 22:04:38:437 TP0_log/(133721:133721): 
[INFO] 22:04:38:582 TP0_log/(133721:133721): 
[INFO] 22:04:38:729 TP0_log/(133721:133721): 
[INFO] 22:04:38:871 TP0_log/(133721:133721): 
[INFO] 22:04:39:11 TP0_log/(133721:133721): 
[INFO] 22:04:39:152 TP0_log/(133721:133721): 
[INFO] 22:04:39:272 TP0_log/(133721:133721): 
[INFO] 22:05:17:286 TP0_log/(133795:133795): asdasd
[INFO] 22:07:36:571 TP0_log/(134220:134220): asdasd
[INFO] 22:07:36:571 TP0_log/(134220:134220): cadena a comparar50
[INFO] 22:07:40:461 TP0_log/(134220:134220): adssa
[INFO] 22:07:40:462 TP0_log/(134220:134220): cadena a comparar50
[INFO] 22:07:41:425 TP0_log/(134220:134220): a
[INFO] 22:07:41:425 TP0_log/(134220:134220): cadena a comparar50
[INFO] 22:07:42:384 TP0_log/(134220:134220): s
[INFO] 22:07:42:384 TP0_log/(134220:134220): cadena a comparar68
[INFO] 22:07:43:342 TP0_log/(134220:134220): d
[INFO] 22:07:43:342 TP0_log/(134220:134220): cadena a comparar53
[INFO] 22:07:44:338 TP0_log/(134220:134220): q
[INFO] 22:07:44:338 TP0_log/(134220:134220): cadena a comparar66
[INFO] 22:07:45:289 TP0_log/(134220:134220): w
[INFO] 22:07:45:289 TP0_log/(134220:134220): cadena a comparar72
[INFO] 22:07:48:141 TP0_log/(134220:134220): qweqweqweqweqwe
[INFO] 22:07:48:141 TP0_log/(134220:134220): cadena a comparar66
[INFO] 22:07:51:326 TP0_log/(134220:134220): qweqw
[INFO] 22:07:51:326 TP0_log/(134220:134220): cadena a comparar66
[INFO] 22:07:53:661 TP0_log/(134220:134220): 
[INFO] 22:07:53:661 TP0_log/(134220:134220): cadena a comparar-47
[INFO] 22:07:54:929 TP0_log/(134220:134220): 
[INFO] 22:07:54:929 TP0_log/(134220:134220): cadena a comparar-47
[INFO] 22:07:55:881 TP0_log/(134220:134220): 
[INFO] 22:07:55:881 TP0_log/(134220:134220): cadena a comparar-47
[INFO] 22:07:56:897 TP0_log/(134220:134220): 
[INFO] 22:07:56:897 TP0_log/(134220:134220): cadena a comparar-47
[INFO] 22:07:57:639 TP0_log/(134220:134220): 
[INFO] 22:07:57:639 TP0_log/(134220:134220): cadena a comparar-47
[INFO] 22:07:58:57 TP0_log/(134220:134220): 
[INFO] 22:07:58:57 TP0_log/(134220:134220): cadena a comparar-47
[INFO] 22:07:58:275 TP0_log/(134220:134220): 
[INFO] 22:07:58:276 TP0_log/(134220:134220): cadena a comparar-47
[INFO] 22:07:58:620 TP0_log/(134220:134220): 
[INFO] 22:07:58:620 TP0_log/(134220:134220): cadena a comparar-47
[INFO] 22:07:58:822 TP0_log/(134220:134220): 
[INFO] 22:07:58:822 TP0_log/(134220:134220): cadena a comparar-47
[INFO] 22:07:58:978 TP0_log/(134220:134220): 
[INFO] 22:07:58:978 TP0_log/(134220:134220): cadena a comparar-47
[INFO] 22:07:59:167 TP0_log/(134220:134220): 
[INFO] 22:07:59:167 TP0_log/(134220:134220): cadena a comparar-47
[INFO] 22:07:59:351 TP0_log/(134220:134220): 
[INFO] 22:07:59:351 TP0_log/(134220:134220): cadena a comparar-47
[INFO] 22:07:59:704 TP0_log/(134220:134220): 
[INFO] 22:07:59:704 TP0_log/(134220:134220): cadena a comparar-47
[INFO] 22:08:00:69 TP0_log/(134220:134220): 
[INFO] 22:08:00:69 TP0_log/(134220:134220): cadena a comparar-47
[INFO] 22:08:00:258 TP0_log/(134220:134220): 
[INFO] 22:08:00:258 TP0_log/(134220:134220): cadena a comparar-47
[INFO] 22:08:00:423 TP0_log/(134220:134220): 
[INFO] 22:08:00:423 TP0_log/(134220:134220): cadena a comparar-47
[INFO] 22:08:00:584 TP0_log/(134220:134220): 
[INFO] 22:08:00:584 TP0_log/(134220:134220): cadena a comparar-47
[INFO] 22:08:00:731 TP0_log/(134220:134220): 
[INFO] 22:08:00:731 TP0_log/(134220:134220): cadena a comparar-47
[INFO] 22:08:00:863 TP0_log/(134220:134220): 
[INFO] 22:08:00:863 TP0_log/(134220:134220): cadena a comparar-47
[INFO] 22:08:00:992 TP0_log/(134220:134220): 
[INFO] 22:08:00:992 TP0_log/(134220:134220): cadena a comparar-47
[INFO] 22:08:01:311 TP0_log/(134220:134220): 
[INFO] 22:08:01:311 TP0_log/(134220:134220): cadena a comparar-47
[INFO] 22:08:04:643 TP0_log/(134220:134220): 
[INFO] 22:08:04:643 TP0_log/(134220:134220): cadena a comparar-47
[INFO] 22:08:05:84 TP0_log/(134220:134220): 
[INFO] 22:08:05:84 TP0_log/(134220:134220): cadena a comparar-47
[INFO] 22:08:37:680 TP0_log/(134307:134307): asdas
[INFO] 22:08:37:680 TP0_log/(134307:134307): cadena a comparar50
[INFO] 22:08:38:822 TP0_log/(134307:134307): asdasd
[INFO] 22:08:38:822 TP0_log/(134307:134307): cadena a comparar50
[INFO] 22:08:39:647 TP0_log/(134307:134307): aaa
[INFO] 22:08:39:647 TP0_log/(134307:134307): cadena a comparar50
[INFO] 22:08:40:710 TP0_log/(134307:134307): ssd
[INFO] 22:08:40:710 TP0_log/(134307:134307): cadena a comparar68
[INFO] 22:08:42:599 TP0_log/(134307:134307): s
[INFO] 22:08:42:599 TP0_log/(134307:134307): cadena a comparar68
[INFO] 22:08:43:785 TP0_log/(134307:134307): 
[INFO] 22:08:43:785 TP0_log/(134307:134307): cadena a comparar-47
[INFO] 22:08:44:963 TP0_log/(134307:134307): 
[INFO] 22:08:44:963 TP0_log/(134307:134307): cadena a comparar-47
[INFO] 22:08:45:636 TP0_log/(134307:134307): 
[INFO] 22:08:45:636 TP0_log/(134307:134307): cadena a comparar-47
[INFO] 22:08:46:372 TP0_log/(134307:134307): 
[INFO] 22:08:46:372 TP0_log/(134307:134307): cadena a comparar-47
[INFO] 22:08:46:727 TP0_log/(134307:134307): 
[INFO] 22:08:46:728 TP0_log/(134307:134307): cadena a comparar-47
[INFO] 22:08:47:85 TP0_log/(134307:134307): 
[INFO] 22:08:47:85 TP0_log/(134307:134307): cadena a comparar-47
[INFO] 22:08:47:271 TP0_log/(134307:134307): 
[INFO] 22:08:47:271 TP0_log/(134307:134307): cadena a comparar-47
[INFO] 22:08:47:421 TP0_log/(134307:134307): 
[INFO] 22:08:47:421 TP0_log/(134307:134307): cadena a comparar-47
[INFO] 22:08:47:560 TP0_log/(134307:134307): 
[INFO] 22:08:47:560 TP0_log/(134307:134307): cadena a comparar-47
[INFO] 22:08:47:692 TP0_log/(134307:134307): 
[INFO] 22:08:47:692 TP0_log/(134307:134307): cadena a comparar-47
[INFO] 22:08:47:839 TP0_log/(134307:134307): 
[INFO] 22:08:47:839 TP0_log/(134307:134307): cadena a comparar-47
[INFO] 22:08:47:962 TP0_log/(134307:134307): 
[INFO] 22:08:47:962 TP0_log/(134307:134307): cadena a comparar-47
[INFO] 22:08:48:109 TP0_log/(134307:134307): 
[INFO] 22:08:48:109 TP0_log/(134307:134307): cadena a comparar-47
[INFO] 22:09:26:533 TP0_log/(134385:134385): asdas
[INFO] 22:09:26:533 TP0_log/(134385:134385): cadena a comparar50
[INFO] 22:09:27:389 TP0_log/(134385:134385): asdsa
[INFO] 22:09:27:389 TP0_log/(134385:134385): cadena a comparar50
[INFO] 22:09:28:261 TP0_log/(134385:134385): ss
[INFO] 22:09:28:261 TP0_log/(134385:134385): cadena a comparar68
[INFO] 22:09:29:208 TP0_log/(134385:134385): da
[INFO] 22:09:29:209 TP0_log/(134385:134385): cadena a comparar53
[INFO] 22:09:29:581 TP0_log/(134385:134385): 
[INFO] 22:09:29:581 TP0_log/(134385:134385): cadena a comparar-47
[INFO] 22:09:57:947 TP0_log/(134469:134469): sadas
[INFO] 22:09:57:947 TP0_log/(134469:134469): cadena a comparar68
[INFO] 22:09:59:20 TP0_log/(134469:134469): asssd
[INFO] 22:09:59:20 TP0_log/(134469:134469): cadena a comparar50
[INFO] 22:10:00:47 TP0_log/(134469:134469): aas
[INFO] 22:10:00:47 TP0_log/(134469:134469): cadena a comparar50
[INFO] 22:10:00:423 TP0_log/(134469:134469): 
[INFO] 22:10:00:423 TP0_log/(134469:134469): cadena a comparar-47
[INFO] 22:13:59:956 TP0_log/(134844:134844): P8N†€U
[INFO] 22:14:28:957 TP0_log/(134895:134895): pÿÔ}U
[INFO] 22:14:32:306 TP0_log/(134907:134907): p∏◊≥zU
[INFO] 22:15:27:97 TP0_log/(134991:134991): p(/hU
[INFO] 22:15:34:53 TP0_log/(135004:135004): p(≤[U
[INFO] 22:16:36:160 TP0_log/(135152:135152): 8000
[INFO] 22:17:02:395 TP0_log/(135205:135205): carpincho
[INFO] 22:33:07:396 TP0_log/(138818:138818): valor clave: carpincho
[INFO] 22:34:21:890 TP0_log/(138930:138930): valor clave: carpincho
[INFO] 22:37:21:785 TP0_log/(139301:139301): valor clave: carpincho
[INFO] 22:41:34:283 TP0_log/(139794:139794): valor clave: carpincho
[INFO] 22:41:44:220 TP0_log/(139823:139823): valor clave: carpincho
[INFO] 22:42:10:287 TP0_log/(139823:139823): asda
[INFO] 22:42:10:692 TP0_log/(139823:139823): 
[INFO] 22:42:31:255 TP0_log/(139901:139901): valor clave: carpincho
[INFO] 22:43:00:328 TP0_log/(139962:139962): valor clave: carpincho
[INFO] 22:43:19:331 TP0_log/(139997:139997): valor clave: carpincho
[INFO] 22:43:32:571 TP0_log/(140025:140025): valor clave: carpincho
[INFO] 22:44:34:170 TP0_log/(140181:140181): valor clave: 4444 127
[INFO] 22:47:20:563 TP0_log/(140448:140448): valor clave: 4444 127.0.0.1 
[ERROR] 22:47:20:563 TP0_log/(140448:140448): No se pudo establecer conexi√≥n entre el socket y el servidor.
[ERROR] 22:47:49:194 TP0_log/(140512:140512): No se pudo establecer conexi√≥n entre el socket y el servidor.
[ERROR] 22:52:55:288 TP0_log/(141912:141912): No se pudo establecer conexi√≥n entre el socket y el servidor.
